Getting generated events for 144902
Getting dataset name
Dataset: mc12_8TeV.144902.Herwigpp_UEEE3_CTEQ6L1_simplifiedModel_wC_slep_noWcascade_5.merge.NTUP_SUSY.e1417_s1499_s1504_r3658_r3549_p1512
  nEvents: 199995
Getting generated events for 144904
Getting dataset name
Dataset: mc12_8TeV.144904.Herwigpp_UEEE3_CTEQ6L1_simplifiedModel_wC_slep_noWcascade_7.merge.NTUP_SUSY.e1417_s1499_s1504_r3658_r3549_p1512
  nEvents: 120000
Getting generated events for 144905
Getting dataset name
Dataset: mc12_8TeV.144905.Herwigpp_UEEE3_CTEQ6L1_simplifiedModel_wC_slep_noWcascade_8.merge.NTUP_SUSY.e1417_s1499_s1504_r3658_r3549_p1512
  nEvents: 40000
Getting generated events for 144907
Getting dataset name
Dataset: mc12_8TeV.144907.Herwigpp_UEEE3_CTEQ6L1_simplifiedModel_wC_slep_noWcascade_10.merge.NTUP_SUSY.e1417_s1499_s1504_r3658_r3549_p1512
  nEvents: 40000
Getting generated events for 144908
Getting dataset name
Dataset: mc12_8TeV.144908.Herwigpp_UEEE3_CTEQ6L1_simplifiedModel_wC_slep_noWcascade_11.merge.NTUP_SUSY.e1417_s1499_s1504_r3658_r3549_p1512
  nEvents: 40000
Getting generated events for 144910
Getting dataset name
Dataset: mc12_8TeV.144910.Herwigpp_UEEE3_CTEQ6L1_simplifiedModel_wC_slep_noWcascade_13.merge.NTUP_SUSY.e1417_s1499_s1504_r3658_r3549_p1512
  nEvents: 39999
Getting generated events for 144911
Getting dataset name
Dataset: mc12_8TeV.144911.Herwigpp_UEEE3_CTEQ6L1_simplifiedModel_wC_slep_noWcascade_14.merge.NTUP_SUSY.e1417_s1499_s1504_r3658_r3549_p1512
  nEvents: 39999
Getting generated events for 144912
Getting dataset name
Dataset: mc12_8TeV.144912.Herwigpp_UEEE3_CTEQ6L1_simplifiedModel_wC_slep_noWcascade_15.merge.NTUP_SUSY.e1417_s1499_s1504_r3658_r3549_p1512
  nEvents: 40000
Getting generated events for 144914
Getting dataset name
Dataset: mc12_8TeV.144914.Herwigpp_UEEE3_CTEQ6L1_simplifiedModel_wC_slep_noWcascade_17.merge.NTUP_SUSY.e1417_s1499_s1504_r3658_r3549_p1512
  nEvents: 40000
Getting generated events for 144915
Getting dataset name
Dataset: mc12_8TeV.144915.Herwigpp_UEEE3_CTEQ6L1_simplifiedModel_wC_slep_noWcascade_18.merge.NTUP_SUSY.e1417_s1499_s1504_r3658_r3549_p1512
  nEvents: 40000
Getting generated events for 144916
Getting dataset name
Dataset: mc12_8TeV.144916.Herwigpp_UEEE3_CTEQ6L1_simplifiedModel_wC_slep_noWcascade_19.merge.NTUP_SUSY.e1417_s1499_s1504_r3658_r3549_p1512
  nEvents: 40000
Getting generated events for 144917
Getting dataset name
Dataset: mc12_8TeV.144917.Herwigpp_UEEE3_CTEQ6L1_simplifiedModel_wC_slep_noWcascade_20.merge.NTUP_SUSY.e1417_s1499_s1504_r3658_r3549_p1512
  nEvents: 40000
Getting generated events for 144919
Getting dataset name
Dataset: mc12_8TeV.144919.Herwigpp_UEEE3_CTEQ6L1_simplifiedModel_wC_slep_noWcascade_22.merge.NTUP_SUSY.e1417_s1499_s1504_r3658_r3549_p1512
  nEvents: 40000
Getting generated events for 144920
Getting dataset name
Dataset: mc12_8TeV.144920.Herwigpp_UEEE3_CTEQ6L1_simplifiedModel_wC_slep_noWcascade_23.merge.NTUP_SUSY.e1417_s1499_s1504_r3658_r3549_p1512
  nEvents: 40000
Getting generated events for 144921
Getting dataset name
Dataset: mc12_8TeV.144921.Herwigpp_UEEE3_CTEQ6L1_simplifiedModel_wC_slep_noWcascade_24.merge.NTUP_SUSY.e1417_s1499_s1504_r3658_r3549_p1512
  nEvents: 40000
Getting generated events for 144922
Getting dataset name
Dataset: mc12_8TeV.144922.Herwigpp_UEEE3_CTEQ6L1_simplifiedModel_wC_slep_noWcascade_25.merge.NTUP_SUSY.e1417_s1499_s1504_r3658_r3549_p1512
  nEvents: 40000
Getting generated events for 144923
Getting dataset name
Dataset: mc12_8TeV.144923.Herwigpp_UEEE3_CTEQ6L1_simplifiedModel_wC_slep_noWcascade_26.merge.NTUP_SUSY.e1417_s1499_s1504_r3658_r3549_p1512
  nEvents: 40000
Getting generated events for 144925
Getting dataset name
Dataset: mc12_8TeV.144925.Herwigpp_UEEE3_CTEQ6L1_simplifiedModel_wC_slep_noWcascade_28.merge.NTUP_SUSY.e1417_s1499_s1504_r3658_r3549_p1512
  nEvents: 39999
Getting generated events for 144926
Getting dataset name
Dataset: mc12_8TeV.144926.Herwigpp_UEEE3_CTEQ6L1_simplifiedModel_wC_slep_noWcascade_29.merge.NTUP_SUSY.e1417_s1499_s1504_r3658_r3549_p1512
  nEvents: 40000
Getting generated events for 144927
Getting dataset name
Dataset: mc12_8TeV.144927.Herwigpp_UEEE3_CTEQ6L1_simplifiedModel_wC_slep_noWcascade_30.merge.NTUP_SUSY.e1417_s1499_s1504_r3658_r3549_p1512
  nEvents: 40000
Getting generated events for 157969
Getting dataset name
Dataset: mc12_8TeV.157969.Herwigpp_UEEE3_CTEQ6L1_simplifiedModel_wC_slep_noWcascade_32.merge.NTUP_SUSY.e1417_s1499_s1504_r3658_r3549_p1512
  nEvents: 198800
Getting generated events for 157970
Getting dataset name
Dataset: mc12_8TeV.157970.Herwigpp_UEEE3_CTEQ6L1_simplifiedModel_wC_slep_noWcascade_33.merge.NTUP_SUSY.e1417_s1499_s1504_r3658_r3549_p1512
  nEvents: 120000
Getting generated events for 157971
Getting dataset name
Dataset: mc12_8TeV.157971.Herwigpp_UEEE3_CTEQ6L1_simplifiedModel_wC_slep_noWcascade_34.merge.NTUP_SUSY.e1417_s1499_s1504_r3658_r3549_p1512
  nEvents: 40000
Getting generated events for 157972
Getting dataset name
Dataset: mc12_8TeV.157972.Herwigpp_UEEE3_CTEQ6L1_simplifiedModel_wC_slep_noWcascade_35.merge.NTUP_SUSY.e1417_s1499_s1504_r3658_r3549_p1512
  nEvents: 40000
Getting generated events for 157973
Getting dataset name
Dataset: mc12_8TeV.157973.Herwigpp_UEEE3_CTEQ6L1_simplifiedModel_wC_slep_noWcascade_36.merge.NTUP_SUSY.e1417_s1499_s1504_r3658_r3549_p1512
  nEvents: 40000
Getting generated events for 157974
Getting dataset name
Dataset: mc12_8TeV.157974.Herwigpp_UEEE3_CTEQ6L1_simplifiedModel_wC_slep_noWcascade_37.merge.NTUP_SUSY.e1417_s1499_s1504_r3658_r3549_p1512
  nEvents: 39899
Getting generated events for 157975
Getting dataset name
Dataset: mc12_8TeV.157975.Herwigpp_UEEE3_CTEQ6L1_simplifiedModel_wC_slep_noWcascade_38.merge.NTUP_SUSY.e1417_s1499_s1504_r3658_r3549_p1512
  nEvents: 39999
Getting generated events for 157976
Getting dataset name
Dataset: mc12_8TeV.157976.Herwigpp_UEEE3_CTEQ6L1_simplifiedModel_wC_slep_noWcascade_39.merge.NTUP_SUSY.e1417_s1499_s1504_r3658_r3549_p1512
  nEvents: 39999
Getting generated events for 157977
Getting dataset name
Dataset: mc12_8TeV.157977.Herwigpp_UEEE3_CTEQ6L1_simplifiedModel_wC_slep_noWcascade_40.merge.NTUP_SUSY.e1417_s1499_s1504_r3658_r3549_p1512
  nEvents: 40000
Getting generated events for 157978
Getting dataset name
Dataset: mc12_8TeV.157978.Herwigpp_UEEE3_CTEQ6L1_simplifiedModel_wC_slep_noWcascade_41.merge.NTUP_SUSY.e1417_s1499_s1504_r3658_r3549_p1512
  nEvents: 40000
Getting generated events for 157979
Getting dataset name
Dataset: mc12_8TeV.157979.Herwigpp_UEEE3_CTEQ6L1_simplifiedModel_wC_slep_noWcascade_42.merge.NTUP_SUSY.e1417_s1499_s1504_r3658_r3549_p1512
  nEvents: 40000
Getting generated events for 157980
Getting dataset name
Dataset: mc12_8TeV.157980.Herwigpp_UEEE3_CTEQ6L1_simplifiedModel_wC_slep_noWcascade_43.merge.NTUP_SUSY.e1417_s1499_s1504_r3658_r3549_p1512
  nEvents: 40000
Getting generated events for 157981
Getting dataset name
Dataset: mc12_8TeV.157981.Herwigpp_UEEE3_CTEQ6L1_simplifiedModel_wC_slep_noWcascade_44.merge.NTUP_SUSY.e1417_s1499_s1504_r3658_r3549_p1512
  nEvents: 40000
Getting generated events for 157982
Getting dataset name
Dataset: mc12_8TeV.157982.Herwigpp_UEEE3_CTEQ6L1_simplifiedModel_wC_slep_noWcascade_45.merge.NTUP_SUSY.e1417_s1499_s1504_r3658_r3549_p1512
  nEvents: 39999
Getting generated events for 157983
Getting dataset name
Dataset: mc12_8TeV.157983.Herwigpp_UEEE3_CTEQ6L1_simplifiedModel_wC_slep_noWcascade_46.merge.NTUP_SUSY.e1417_s1499_s1504_r3658_r3549_p1512
  nEvents: 39999
Getting generated events for 157984
Getting dataset name
Dataset: mc12_8TeV.157984.Herwigpp_UEEE3_CTEQ6L1_simplifiedModel_wC_slep_noWcascade_47.merge.NTUP_SUSY.e1417_s1499_s1504_r3658_r3549_p1512
  nEvents: 40000
Getting generated events for 157985
Getting dataset name
Dataset: mc12_8TeV.157985.Herwigpp_UEEE3_CTEQ6L1_simplifiedModel_wC_slep_noWcascade_48.merge.NTUP_SUSY.e1417_s1499_s1504_r3658_r3549_p1512
  nEvents: 40000
Getting generated events for 157986
Getting dataset name
Dataset: mc12_8TeV.157986.Herwigpp_UEEE3_CTEQ6L1_simplifiedModel_wC_slep_noWcascade_49.merge.NTUP_SUSY.e1417_s1499_s1504_r3658_r3549_p1512
  nEvents: 40000
Getting generated events for 176558
Getting dataset name
Dataset: mc12_8TeV.176558.Herwigpp_UEEE3_CTEQ6L1_simplifiedModel_wC_slep_noWcasc_50.merge.NTUP_SUSY.e1708_s1499_s1504_r3658_r3549_p1512
  nEvents: 40000
Getting generated events for 176559
Getting dataset name
Dataset: mc12_8TeV.176559.Herwigpp_UEEE3_CTEQ6L1_simplifiedModel_wC_slep_noWcasc_51.merge.NTUP_SUSY.e1708_s1499_s1504_r3658_r3549_p1512
  nEvents: 200000
Getting generated events for 176560
Getting dataset name
Dataset: mc12_8TeV.176560.Herwigpp_UEEE3_CTEQ6L1_simplifiedModel_wC_slep_noWcasc_52.merge.NTUP_SUSY.e1708_s1499_s1504_r3658_r3549_p1512
  nEvents: 119999
Getting generated events for 176561
Getting dataset name
Dataset: mc12_8TeV.176561.Herwigpp_UEEE3_CTEQ6L1_simplifiedModel_wC_slep_noWcasc_53.merge.NTUP_SUSY.e1708_s1499_s1504_r3658_r3549_p1512
  nEvents: 40000
Getting generated events for 176562
Getting dataset name
Dataset: mc12_8TeV.176562.Herwigpp_UEEE3_CTEQ6L1_simplifiedModel_wC_slep_noWcasc_54.merge.NTUP_SUSY.e1708_s1499_s1504_r3658_r3549_p1512
  nEvents: 40000
Getting generated events for 176563
Getting dataset name
Dataset: mc12_8TeV.176563.Herwigpp_UEEE3_CTEQ6L1_simplifiedModel_wC_slep_noWcasc_55.merge.NTUP_SUSY.e1708_s1499_s1504_r3658_r3549_p1512
  nEvents: 40000
Getting generated events for 176564
Getting dataset name
Dataset: mc12_8TeV.176564.Herwigpp_UEEE3_CTEQ6L1_simplifiedModel_wC_slep_noWcasc_56.merge.NTUP_SUSY.e1708_s1499_s1504_r3658_r3549_p1512
  nEvents: 40000
Getting generated events for 176565
Getting dataset name
Dataset: mc12_8TeV.176565.Herwigpp_UEEE3_CTEQ6L1_simplifiedModel_wC_slep_noWcasc_57.merge.NTUP_SUSY.e1708_s1499_s1504_r3658_r3549_p1512
  nEvents: 40000
Getting generated events for 176566
Getting dataset name
Dataset: mc12_8TeV.176566.Herwigpp_UEEE3_CTEQ6L1_simplifiedModel_wC_slep_noWcasc_58.merge.NTUP_SUSY.e1708_s1499_s1504_r3658_r3549_p1512
  nEvents: 40000
Getting generated events for 176567
Getting dataset name
Dataset: mc12_8TeV.176567.Herwigpp_UEEE3_CTEQ6L1_simplifiedModel_wC_slep_noWcasc_59.merge.NTUP_SUSY.e1708_s1499_s1504_r3658_r3549_p1512
  nEvents: 40000
Getting generated events for 176568
Getting dataset name
Dataset: mc12_8TeV.176568.Herwigpp_UEEE3_CTEQ6L1_simplifiedModel_wC_slep_noWcasc_60.merge.NTUP_SUSY.e1708_s1499_s1504_r3658_r3549_p1512
  nEvents: 40000
Getting generated events for 176569
Getting dataset name
Dataset: mc12_8TeV.176569.Herwigpp_UEEE3_CTEQ6L1_simplifiedModel_wC_slep_noWcasc_61.merge.NTUP_SUSY.e1708_s1499_s1504_r3658_r3549_p1512
  nEvents: 40000
Getting generated events for 176570
Getting dataset name
Dataset: mc12_8TeV.176570.Herwigpp_UEEE3_CTEQ6L1_simplifiedModel_wC_slep_noWcasc_62.merge.NTUP_SUSY.e1708_s1499_s1504_r3658_r3549_p1512
  nEvents: 40000
Getting generated events for 176571
Getting dataset name
Dataset: mc12_8TeV.176571.Herwigpp_UEEE3_CTEQ6L1_simplifiedModel_wC_slep_noWcasc_63.merge.NTUP_SUSY.e1708_s1499_s1504_r3658_r3549_p1512
  nEvents: 40000
Getting generated events for 176572
Getting dataset name
Dataset: mc12_8TeV.176572.Herwigpp_UEEE3_CTEQ6L1_simplifiedModel_wC_slep_noWcasc_64.merge.NTUP_SUSY.e1708_s1499_s1504_r3658_r3549_p1512
  nEvents: 40000
Getting generated events for 176573
Getting dataset name
Dataset: mc12_8TeV.176573.Herwigpp_UEEE3_CTEQ6L1_simplifiedModel_wC_slep_noWcasc_65.merge.NTUP_SUSY.e1708_s1499_s1504_r3658_r3549_p1512
  nEvents: 39999
Getting generated events for 204000
Getting dataset name
Dataset: mc12_8TeV.204000.Herwigpp_UEEE3_CTEQ6L1_simplifiedModel_wC_slep_noWcasc_66.merge.NTUP_SUSY.e2955_a220_a171_r3549_p1512 mc12_8TeV.204000.Herwigpp_UEEE3_CTEQ6L1_simplifiedModel_wC_slep_noWcasc_66.merge.NTUP_SUSY.e2955_a220_a276_a277_r3549_p1512
usage: ami [-h] [--authors] [--version] [--verbose]
           [-e {atlas,local,atlas-dev,atlas-replica}]
           [-f {xml,dom_object,text,dict_object,custom,json,csv}]
           [-x XSLT_FILE] [-k KEY_FILE] [-c CERT_FILE] [-i]
           {reset,console,show,cmd,list,auth,upload-proxy,command,con} ...
ami: error: unrecognized arguments: mc12_8TeV.204000.Herwigpp_UEEE3_CTEQ6L1_simplifiedModel_wC_slep_noWcasc_66.merge.NTUP_SUSY.e2955_a220_a276_a277_r3549_p1512
  nEvents: 
Getting generated events for 204001
Getting dataset name
Dataset: mc12_8TeV.204001.Herwigpp_UEEE3_CTEQ6L1_simplifiedModel_wC_slep_noWcasc_67.merge.NTUP_SUSY.e2955_a220_a171_r3549_p1512
  nEvents: 40000
Getting generated events for 204643
Getting dataset name
Dataset: mc12_8TeV.204643.Herwigpp_UEEE3_CTEQ6L1_C1C1_100_0_N1_35_0_xSL_0_5_slep.merge.NTUP_SUSY.e3326_s1773_s1776_r4485_r4540_p1512
  nEvents: 125000
Getting generated events for 204644
Getting dataset name
Dataset: mc12_8TeV.204644.Herwigpp_UEEE3_CTEQ6L1_C1C1_100_0_N1_65_0_xSL_0_5_slep.merge.NTUP_SUSY.e3326_s1773_s1776_r4485_r4540_p1512
  nEvents: 174999
Getting generated events for 204645
Getting dataset name
Dataset: mc12_8TeV.204645.Herwigpp_UEEE3_CTEQ6L1_C1C1_100_0_N1_80_0_xSL_0_5_slep.merge.NTUP_SUSY.e3326_s1773_s1776_r4485_r4540_p1512
  nEvents: 125000
Getting generated events for 204646
Getting dataset name
Dataset: mc12_8TeV.204646.Herwigpp_UEEE3_CTEQ6L1_C1C1_110_0_N1_90_0_xSL_0_5_slep.merge.NTUP_SUSY.e3326_s1773_s1776_r4485_r4540_p1512
  nEvents: 174999
Getting generated events for 204647
Getting dataset name
Dataset: mc12_8TeV.204647.Herwigpp_UEEE3_CTEQ6L1_C1C1_135_0_N1_115_0_xSL_0_5_slep.merge.NTUP_SUSY.e3326_s1773_s1776_r4485_r4540_p1512
  nEvents: 125000
